<?xml version="1.0" encoding="UTF-8"?>
<testsuites name="jest tests" tests="11" failures="6" errors="0" time="0.108">
  <testsuite name="BackupService" errors="0" failures="6" skipped="0" timestamp="2025-06-12T02:28:57" time="0.091" tests="11">
    <testcase classname="BackupService › createFullBackup" name="should create a full backup with sessions" time="0.002">
    </testcase>
    <testcase classname="BackupService › createFullBackup" name="should create a backup file on disk" time="0">
      <failure>SyntaxError: &quot;undefined&quot; is not valid JSON
    at JSON.parse (&lt;anonymous&gt;)
    at Object.&lt;anonymous&gt; (/Users/jonathanhoggard/Development/sessionhub-v2/tests/unit/services/BackupService.test.ts:87:34)
    at processTicksAndRejections (node:internal/process/task_queues:95:5)</failure>
    </testcase>
    <testcase classname="BackupService › createProjectBackup" name="should create a project backup with filtered sessions" time="0">
    </testcase>
    <testcase classname="BackupService › createSessionBackup" name="should create a single session backup" time="0.001">
    </testcase>
    <testcase classname="BackupService › restoreFromBackup" name="should restore sessions from a backup" time="0">
      <failure>Error: expect(received).toBe(expected) // Object.is equality

Expected: true
Received: false
    at Object.&lt;anonymous&gt; (/Users/jonathanhoggard/Development/sessionhub-v2/tests/unit/services/BackupService.test.ts:126:37)
    at processTicksAndRejections (node:internal/process/task_queues:95:5)</failure>
    </testcase>
    <testcase classname="BackupService › restoreFromBackup" name="should handle missing backup files" time="0.001">
      <failure>Error: expect(received).toContain(expected) // indexOf

Expected value: &quot;Backup file not found for ID: nonexistent-backup&quot;
Received array: [&quot;Failed to restore backup: TypeError: Cannot read properties of undefined (reading &apos;find&apos;)&quot;]
    at Object.&lt;anonymous&gt; (/Users/jonathanhoggard/Development/sessionhub-v2/tests/unit/services/BackupService.test.ts:137:36)
    at processTicksAndRejections (node:internal/process/task_queues:95:5)</failure>
    </testcase>
    <testcase classname="BackupService › listBackups" name="should list all available backups" time="0">
      <failure>Error: Failed to list backups: TypeError: Cannot read properties of undefined (reading &apos;filter&apos;)
    at BackupService.listBackups (/Users/jonathanhoggard/Development/sessionhub-v2/src/services/BackupService.ts:391:13)
    at processTicksAndRejections (node:internal/process/task_queues:95:5)
    at async Object.&lt;anonymous&gt; (/Users/jonathanhoggard/Development/sessionhub-v2/tests/unit/services/BackupService.test.ts:147:23)</failure>
    </testcase>
    <testcase classname="BackupService › verifyBackupIntegrity" name="should verify backup integrity correctly" time="0.001">
      <failure>Error: expect(received).toBe(expected) // Object.is equality

Expected: true
Received: false
    at Object.&lt;anonymous&gt; (/Users/jonathanhoggard/Development/sessionhub-v2/tests/unit/services/BackupService.test.ts:163:23)
    at processTicksAndRejections (node:internal/process/task_queues:95:5)</failure>
    </testcase>
    <testcase classname="BackupService › verifyBackupIntegrity" name="should return false for nonexistent backups" time="0">
    </testcase>
    <testcase classname="BackupService › cleanupOldBackups" name="should not delete recent backups" time="0">
      <failure>Error: Failed to cleanup old backups: Error: Failed to list backups: TypeError: Cannot read properties of undefined (reading &apos;filter&apos;)
    at BackupService.cleanupOldBackups (/Users/jonathanhoggard/Development/sessionhub-v2/src/services/BackupService.ts:415:13)
    at processTicksAndRejections (node:internal/process/task_queues:95:5)
    at async Object.&lt;anonymous&gt; (/Users/jonathanhoggard/Development/sessionhub-v2/tests/unit/services/BackupService.test.ts:177:28)</failure>
    </testcase>
    <testcase classname="BackupService › createDisasterRecoveryCheckpoint" name="should create disaster recovery checkpoint with system info" time="0.003">
    </testcase>
  </testsuite>
</testsuites>